<?xml version="1.0" encoding="UTF-8"?>
<!-- Generated by org.testng.reporters.JUnitXMLReporter -->
<testsuite hostname="P3ALAP-21J1NW2" name="Test" tests="4" failures="0" timestamp="12 Jul 2020 19:44:51 GMT" time="159.415" errors="0">
  <testcase name="launchApp" time="0.031" classname="scripts.AmazonTestClass"/>
  <testcase name="goToSignIn" time="5.498" classname="scripts.AmazonTestClass"/>
  <testcase name="signInToApp" time="18.429" classname="scripts.AmazonTestClass"/>
  <testcase name="searchAndSelectItemToCart" time="123.299" classname="scripts.AmazonTestClass"/>
</testsuite> <!-- Test -->
